CRITICAL - 2024-03-19 23:51:14 --> ParseError: syntax error, unexpected 'que' (T_STRING), expecting ';' or ','
in APPPATH\Views\head.php on line 78.
 1 SYSTEMPATH\View\View.php(231): CodeIgniter\View\View->CodeIgniter\View\{closure}()
 2 SYSTEMPATH\Common.php(1178): CodeIgniter\View\View->render('head', [], true)
 3 APPPATH\Controllers\Home.php(10): view('head')
 4 SYSTEMPATH\CodeIgniter.php(941): App\Controllers\Home->index()
 5 SYSTEMPATH\CodeIgniter.php(502): CodeIgniter\CodeIgniter->runController(Object(App\Controllers\Home))
 6 SYSTEMPATH\CodeIgniter.php(361): CodeIgniter\CodeIgniter->handleRequest(null, Object(Config\Cache), false)
 7 FCPATH\index.php(79): CodeIgniter\CodeIgniter->run()
CRITICAL - 2024-03-19 23:57:54 --> ErrorException: Use of undefined constant variable - assumed 'variable' (this will throw an Error in a future version of PHP)
in APPPATH\Views\head.php on line 78.
 1 APPPATH\Views\head.php(78): CodeIgniter\Debug\Exceptions->errorHandler(2, 'Use of undefined constant variable - assumed \'variable\' (this will throw an Error in a future version of PHP)', 'C:\\wamp64\\www\\cet_sys_info1\\app\\Views\\head.php', 78, [...])
 2 SYSTEMPATH\View\View.php(228): include('C:\\wamp64\\www\\cet_sys_info1\\app\\Views\\head.php')
 3 SYSTEMPATH\View\View.php(231): CodeIgniter\View\View->CodeIgniter\View\{closure}()
 4 SYSTEMPATH\Common.php(1178): CodeIgniter\View\View->render('head', [], true)
 5 APPPATH\Controllers\Home.php(10): view('head')
 6 SYSTEMPATH\CodeIgniter.php(941): App\Controllers\Home->index()
 7 SYSTEMPATH\CodeIgniter.php(502): CodeIgniter\CodeIgniter->runController(Object(App\Controllers\Home))
 8 SYSTEMPATH\CodeIgniter.php(361): CodeIgniter\CodeIgniter->handleRequest(null, Object(Config\Cache), false)
 9 FCPATH\index.php(79): CodeIgniter\CodeIgniter->run()
